TN:
SF:src\modules\appointments\services\CreateAppointmentService.ts
FN:60,Object.<anonymous>
FN:60,Object.<anonymous>.__decorate
FN:60,Object.<anonymous>.__metadata
FN:60,Object.<anonymous>.__param
FN:60,Object.<anonymous>.__awaiter
FN:60,adopt
FN:60,fulfilled
FN:60,rejected
FN:60,step
FN:60,Object.<anonymous>.__generator
FN:60,sent
FN:60,g.<computed>
FN:60,verb
FN:60,step
FN:60,Object.<anonymous>.__importDefault
FN:16,CreateAppointmentService
FN:21,Object.<anonymous>.CreateAppointmentService.execute
FNF:17
FNH:15
FNDA:1,Object.<anonymous>
FNDA:1,Object.<anonymous>.__decorate
FNDA:1,Object.<anonymous>.__metadata
FNDA:1,Object.<anonymous>.__param
FNDA:7,Object.<anonymous>.__awaiter
FNDA:4,adopt
FNDA:4,fulfilled
FNDA:0,rejected
FNDA:6,step
FNDA:7,Object.<anonymous>.__generator
FNDA:4,sent
FNDA:0,g.<computed>
FNDA:21,verb
FNDA:11,step
FNDA:1,Object.<anonymous>.__importDefault
FNDA:5,CreateAppointmentService
FNDA:7,Object.<anonymous>.CreateAppointmentService.execute
DA:1,1
DA:2,1
DA:3,1
DA:4,1
DA:5,1
DA:6,1
DA:7,1
DA:8,1
DA:9,1
DA:10,1
DA:11,1
DA:12,1
DA:13,1
DA:14,1
DA:15,1
DA:16,1
DA:17,5
DA:18,5
DA:19,5
DA:20,1
DA:21,1
DA:22,7
DA:23,7
DA:24,7
DA:25,7
DA:26,7
DA:27,7
DA:28,7
DA:29,4
DA:30,4
DA:31,3
DA:32,7
DA:33,0
DA:34,0
DA:35,3
DA:36,7
DA:37,1
DA:38,1
DA:39,1
DA:40,1
DA:41,2
DA:42,2
DA:43,2
DA:44,2
DA:45,7
DA:46,7
DA:47,0
DA:48,0
DA:49,7
DA:50,7
DA:51,7
DA:52,7
DA:53,7
DA:54,7
DA:55,7
DA:56,7
DA:57,7
DA:58,1
DA:59,1
DA:60,1
LF:60
LH:56
BRDA:60,0,0,1
BRDA:60,1,0,1
BRDA:60,2,0,1
BRDA:60,3,0,0
BRDA:60,4,0,0
BRDA:60,5,0,0
BRDA:60,6,0,0
BRDA:60,7,0,1
BRDA:60,8,0,1
BRDA:60,9,0,1
BRDA:60,10,0,7
BRDA:60,11,0,4
BRDA:60,12,0,0
BRDA:60,13,0,7
BRDA:60,14,0,4
BRDA:60,15,0,0
BRDA:60,16,0,6
BRDA:60,17,0,2
BRDA:60,18,0,4
BRDA:60,19,0,7
BRDA:60,20,0,4
BRDA:60,21,0,0
BRDA:60,22,0,21
BRDA:60,23,0,11
BRDA:60,24,0,11
BRDA:60,25,0,0
BRDA:60,26,0,22
BRDA:60,27,0,0
BRDA:60,28,0,0
BRDA:60,29,0,0
BRDA:60,30,0,0
BRDA:60,31,0,11
BRDA:60,32,0,11
BRDA:60,33,0,4
BRDA:60,34,0,0
BRDA:60,35,0,0
BRDA:60,36,0,7
BRDA:60,37,0,0
BRDA:60,38,0,2
BRDA:60,39,0,0
BRDA:60,40,0,0
BRDA:60,41,0,0
BRDA:60,42,0,0
BRDA:60,43,0,11
BRDA:60,44,0,5
BRDA:60,45,0,11
BRDA:60,46,0,7
BRDA:60,47,0,5
BRDA:60,48,0,2
BRDA:60,49,0,0
BRDA:60,50,0,1
BRDA:60,51,0,0
BRDA:15,52,0,1
BRDA:16,53,0,5
BRDA:21,54,0,7
BRDA:60,55,0,7
BRDA:60,56,0,11
BRDA:60,57,0,7
BRDA:28,58,0,4
BRDA:30,59,0,3
BRDA:32,60,0,0
BRDA:34,61,0,3
BRDA:36,62,0,2
BRDA:36,63,0,1
BRDA:40,64,0,2
BRDA:60,65,0,2
BRDA:46,66,0,0
BRDA:60,67,0,2
BRF:68
BRH:45
end_of_record
TN:
SF:src\modules\appointments\services\ListProviderDayAvailabilityService.ts
FN:66,Object.<anonymous>
FN:66,Object.<anonymous>.__decorate
FN:66,Object.<anonymous>.__metadata
FN:66,Object.<anonymous>.__param
FN:66,Object.<anonymous>.__awaiter
FN:66,adopt
FN:66,fulfilled
FN:66,rejected
FN:66,step
FN:66,Object.<anonymous>.__generator
FN:66,sent
FN:66,g.<computed>
FN:66,verb
FN:66,step
FN:20,ListProviderDayAvailabilityService
FN:25,Object.<anonymous>.ListProviderDayAvailabilityService.execute
FNF:16
FNH:14
FNDA:1,Object.<anonymous>
FNDA:1,Object.<anonymous>.__decorate
FNDA:1,Object.<anonymous>.__metadata
FNDA:1,Object.<anonymous>.__param
FNDA:1,Object.<anonymous>.__awaiter
FNDA:1,adopt
FNDA:1,fulfilled
FNDA:0,rejected
FNDA:2,step
FNDA:1,Object.<anonymous>.__generator
FNDA:1,sent
FNDA:0,g.<computed>
FNDA:3,verb
FNDA:2,step
FNDA:1,ListProviderDayAvailabilityService
FNDA:1,Object.<anonymous>.ListProviderDayAvailabilityService.execute
DA:1,1
DA:2,1
DA:3,1
DA:4,1
DA:5,1
DA:6,1
DA:7,1
DA:8,1
DA:9,1
DA:10,1
DA:11,1
DA:12,1
DA:13,1
DA:14,1
DA:15,1
DA:16,1
DA:17,1
DA:18,1
DA:19,1
DA:20,1
DA:21,1
DA:22,1
DA:23,1
DA:24,1
DA:25,1
DA:26,1
DA:27,1
DA:28,1
DA:29,1
DA:30,1
DA:31,1
DA:32,1
DA:33,1
DA:34,1
DA:35,1
DA:36,1
DA:37,1
DA:38,1
DA:39,1
DA:40,1
DA:41,1
DA:42,1
DA:43,1
DA:44,1
DA:45,1
DA:46,1
DA:47,1
DA:48,1
DA:49,1
DA:50,10
DA:51,10
DA:52,10
DA:53,10
DA:54,10
DA:55,10
DA:56,10
DA:57,10
DA:58,10
DA:59,10
DA:60,1
DA:61,1
DA:62,1
DA:63,1
DA:64,1
DA:65,1
DA:66,1
LF:66
LH:66
BRDA:66,0,0,1
BRDA:66,1,0,1
BRDA:66,2,0,1
BRDA:66,3,0,0
BRDA:66,4,0,0
BRDA:66,5,0,0
BRDA:66,6,0,0
BRDA:66,7,0,1
BRDA:66,8,0,1
BRDA:66,9,0,1
BRDA:66,10,0,1
BRDA:66,11,0,1
BRDA:66,12,0,0
BRDA:66,13,0,1
BRDA:66,14,0,1
BRDA:66,15,0,0
BRDA:66,16,0,2
BRDA:66,17,0,1
BRDA:66,18,0,1
BRDA:66,19,0,1
BRDA:66,20,0,1
BRDA:66,21,0,0
BRDA:66,22,0,3
BRDA:66,23,0,2
BRDA:66,24,0,2
BRDA:66,25,0,0
BRDA:66,26,0,4
BRDA:66,27,0,0
BRDA:66,28,0,0
BRDA:66,29,0,0
BRDA:66,30,0,0
BRDA:66,31,0,2
BRDA:66,32,0,2
BRDA:66,33,0,1
BRDA:66,34,0,0
BRDA:66,35,0,0
BRDA:66,36,0,1
BRDA:66,37,0,0
BRDA:66,38,0,0
BRDA:66,39,0,0
BRDA:66,40,0,0
BRDA:66,41,0,0
BRDA:66,42,0,2
BRDA:66,43,0,0
BRDA:66,44,0,2
BRDA:66,45,0,1
BRDA:66,46,0,0
BRDA:66,47,0,1
BRDA:66,48,0,0
BRDA:19,49,0,1
BRDA:20,50,0,1
BRDA:25,51,0,1
BRDA:66,52,0,1
BRDA:66,53,0,2
BRDA:31,54,0,1
BRDA:66,55,0,1
BRDA:44,56,0,10
BRDA:49,57,0,10
BRDA:58,58,0,8
BRDA:51,59,0,19
BRF:60
BRH:38
end_of_record
TN:
SF:src\modules\appointments\services\ListProviderMonthAvailabilityService.ts
FN:59,Object.<anonymous>
FN:59,Object.<anonymous>.__decorate
FN:59,Object.<anonymous>.__metadata
FN:59,Object.<anonymous>.__param
FN:59,Object.<anonymous>.__awaiter
FN:59,adopt
FN:59,fulfilled
FN:59,rejected
FN:59,step
FN:59,Object.<anonymous>.__generator
FN:59,sent
FN:59,g.<computed>
FN:59,verb
FN:59,step
FN:19,ListProvicerMonthAvailabilityService
FN:24,Object.<anonymous>.ListProvicerMonthAvailabilityService.execute
FNF:16
FNH:14
FNDA:1,Object.<anonymous>
FNDA:1,Object.<anonymous>.__decorate
FNDA:1,Object.<anonymous>.__metadata
FNDA:1,Object.<anonymous>.__param
FNDA:1,Object.<anonymous>.__awaiter
FNDA:1,adopt
FNDA:1,fulfilled
FNDA:0,rejected
FNDA:2,step
FNDA:1,Object.<anonymous>.__generator
FNDA:1,sent
FNDA:0,g.<computed>
FNDA:3,verb
FNDA:2,step
FNDA:1,ListProvicerMonthAvailabilityService
FNDA:1,Object.<anonymous>.ListProvicerMonthAvailabilityService.execute
DA:1,1
DA:2,1
DA:3,1
DA:4,1
DA:5,1
DA:6,1
DA:7,1
DA:8,1
DA:9,1
DA:10,1
DA:11,1
DA:12,1
DA:13,1
DA:14,1
DA:15,1
DA:16,1
DA:17,1
DA:18,1
DA:19,1
DA:20,1
DA:21,1
DA:22,1
DA:23,1
DA:24,1
DA:25,1
DA:26,1
DA:27,1
DA:28,1
DA:29,1
DA:30,1
DA:31,1
DA:32,1
DA:33,1
DA:34,1
DA:35,1
DA:36,1
DA:37,1
DA:38,1
DA:39,1
DA:40,1
DA:41,1
DA:42,1
DA:43,1
DA:44,1
DA:45,31
DA:46,341
DA:47,31
DA:48,31
DA:49,31
DA:50,31
DA:51,31
DA:52,31
DA:53,1
DA:54,1
DA:55,1
DA:56,1
DA:57,1
DA:58,1
DA:59,1
LF:59
LH:59
BRDA:59,0,0,1
BRDA:59,1,0,1
BRDA:59,2,0,1
BRDA:59,3,0,0
BRDA:59,4,0,0
BRDA:59,5,0,0
BRDA:59,6,0,0
BRDA:59,7,0,1
BRDA:59,8,0,1
BRDA:59,9,0,1
BRDA:59,10,0,1
BRDA:59,11,0,1
BRDA:59,12,0,0
BRDA:59,13,0,1
BRDA:59,14,0,1
BRDA:59,15,0,0
BRDA:59,16,0,2
BRDA:59,17,0,1
BRDA:59,18,0,1
BRDA:59,19,0,1
BRDA:59,20,0,1
BRDA:59,21,0,0
BRDA:59,22,0,3
BRDA:59,23,0,2
BRDA:59,24,0,2
BRDA:59,25,0,0
BRDA:59,26,0,4
BRDA:59,27,0,0
BRDA:59,28,0,0
BRDA:59,29,0,0
BRDA:59,30,0,0
BRDA:59,31,0,2
BRDA:59,32,0,2
BRDA:59,33,0,1
BRDA:59,34,0,0
BRDA:59,35,0,0
BRDA:59,36,0,1
BRDA:59,37,0,0
BRDA:59,38,0,0
BRDA:59,39,0,0
BRDA:59,40,0,0
BRDA:59,41,0,0
BRDA:59,42,0,2
BRDA:59,43,0,0
BRDA:59,44,0,2
BRDA:59,45,0,1
BRDA:59,46,0,0
BRDA:59,47,0,1
BRDA:59,48,0,0
BRDA:18,49,0,1
BRDA:19,50,0,1
BRDA:24,51,0,1
BRDA:59,52,0,1
BRDA:59,53,0,2
BRDA:29,54,0,1
BRDA:59,55,0,1
BRDA:41,56,0,31
BRDA:44,57,0,31
BRDA:45,58,0,341
BRF:59
BRH:37
end_of_record
TN:
SF:src\modules\appointments\services\ListProvidersService.ts
FN:26,Object.<anonymous>
FN:26,Object.<anonymous>.__decorate
FN:26,Object.<anonymous>.__metadata
FN:26,Object.<anonymous>.__param
FN:26,Object.<anonymous>.__awaiter
FN:26,adopt
FN:26,fulfilled
FN:26,rejected
FN:26,step
FN:26,Object.<anonymous>.__generator
FN:26,sent
FN:26,g.<computed>
FN:26,verb
FN:26,step
FN:12,ListProvidersService
FN:17,Object.<anonymous>.ListProvidersService.execute
FNF:16
FNH:14
FNDA:1,Object.<anonymous>
FNDA:1,Object.<anonymous>.__decorate
FNDA:1,Object.<anonymous>.__metadata
FNDA:1,Object.<anonymous>.__param
FNDA:1,Object.<anonymous>.__awaiter
FNDA:1,adopt
FNDA:1,fulfilled
FNDA:0,rejected
FNDA:2,step
FNDA:1,Object.<anonymous>.__generator
FNDA:1,sent
FNDA:0,g.<computed>
FNDA:3,verb
FNDA:2,step
FNDA:1,ListProvidersService
FNDA:1,Object.<anonymous>.ListProvidersService.execute
DA:1,1
DA:2,1
DA:3,1
DA:4,1
DA:5,1
DA:6,1
DA:7,1
DA:8,1
DA:9,1
DA:10,1
DA:11,1
DA:12,1
DA:13,1
DA:14,1
DA:15,1
DA:16,1
DA:17,1
DA:18,1
DA:19,1
DA:20,1
DA:21,1
DA:22,1
DA:23,1
DA:24,1
DA:25,1
DA:26,1
LF:26
LH:26
BRDA:26,0,0,1
BRDA:26,1,0,1
BRDA:26,2,0,1
BRDA:26,3,0,0
BRDA:26,4,0,0
BRDA:26,5,0,0
BRDA:26,6,0,0
BRDA:26,7,0,1
BRDA:26,8,0,1
BRDA:26,9,0,1
BRDA:26,10,0,1
BRDA:26,11,0,1
BRDA:26,12,0,0
BRDA:26,13,0,1
BRDA:26,14,0,1
BRDA:26,15,0,0
BRDA:26,16,0,2
BRDA:26,17,0,1
BRDA:26,18,0,1
BRDA:26,19,0,1
BRDA:26,20,0,1
BRDA:26,21,0,0
BRDA:26,22,0,3
BRDA:26,23,0,2
BRDA:26,24,0,2
BRDA:26,25,0,0
BRDA:26,26,0,4
BRDA:26,27,0,0
BRDA:26,28,0,0
BRDA:26,29,0,0
BRDA:26,30,0,0
BRDA:26,31,0,2
BRDA:26,32,0,2
BRDA:26,33,0,1
BRDA:26,34,0,0
BRDA:26,35,0,0
BRDA:26,36,0,1
BRDA:26,37,0,0
BRDA:26,38,0,0
BRDA:26,39,0,0
BRDA:26,40,0,0
BRDA:26,41,0,0
BRDA:26,42,0,2
BRDA:26,43,0,0
BRDA:26,44,0,2
BRDA:26,45,0,1
BRDA:26,46,0,0
BRDA:26,47,0,1
BRDA:26,48,0,0
BRDA:11,49,0,1
BRDA:12,50,0,1
BRDA:17,51,0,1
BRDA:26,52,0,1
BRDA:26,53,0,2
BRDA:18,54,0,1
BRDA:26,55,0,1
BRF:56
BRH:34
end_of_record
TN:
SF:src\modules\users\services\AuthenticateUserService.ts
FN:62,Object.<anonymous>
FN:62,Object.<anonymous>.__decorate
FN:62,Object.<anonymous>.__metadata
FN:62,Object.<anonymous>.__param
FN:62,Object.<anonymous>.__awaiter
FN:62,adopt
FN:62,fulfilled
FN:62,rejected
FN:62,step
FN:62,Object.<anonymous>.__generator
FN:62,sent
FN:62,g.<computed>
FN:62,verb
FN:62,step
FN:62,Object.<anonymous>.__importDefault
FN:24,AuthenticateUserService
FN:32,Object.<anonymous>.AuthenticateUserService.execute
FNF:17
FNH:15
FNDA:1,Object.<anonymous>
FNDA:1,Object.<anonymous>.__decorate
FNDA:1,Object.<anonymous>.__metadata
FNDA:2,Object.<anonymous>.__param
FNDA:4,Object.<anonymous>.__awaiter
FNDA:6,adopt
FNDA:6,fulfilled
FNDA:0,rejected
FNDA:7,step
FNDA:4,Object.<anonymous>.__generator
FNDA:6,sent
FNDA:0,g.<computed>
FNDA:12,verb
FNDA:10,step
FNDA:2,Object.<anonymous>.__importDefault
FNDA:4,AuthenticateUserService
FNDA:4,Object.<anonymous>.AuthenticateUserService.execute
DA:1,1
DA:2,1
DA:3,1
DA:4,1
DA:5,1
DA:6,1
DA:7,1
DA:8,1
DA:9,1
DA:10,1
DA:11,1
DA:12,1
DA:13,1
DA:14,1
DA:15,1
DA:16,1
DA:17,1
DA:18,1
DA:19,1
DA:20,1
DA:21,1
DA:22,1
DA:23,1
DA:24,1
DA:25,4
DA:26,4
DA:27,4
DA:28,4
DA:29,4
DA:30,4
DA:31,1
DA:32,1
DA:33,4
DA:34,4
DA:35,4
DA:36,2
DA:37,2
DA:38,2
DA:39,2
DA:40,2
DA:41,2
DA:42,2
DA:43,4
DA:44,4
DA:45,1
DA:46,1
DA:47,1
DA:48,1
DA:49,1
DA:50,1
DA:51,1
DA:52,1
DA:53,1
DA:54,1
DA:55,1
DA:56,1
DA:57,1
DA:58,1
DA:59,4
DA:60,1
DA:61,1
DA:62,1
LF:62
LH:62
BRDA:62,0,0,1
BRDA:62,1,0,1
BRDA:62,2,0,1
BRDA:62,3,0,0
BRDA:62,4,0,0
BRDA:62,5,0,0
BRDA:62,6,0,0
BRDA:62,7,0,1
BRDA:62,8,0,2
BRDA:62,9,0,2
BRDA:62,10,0,4
BRDA:62,11,0,6
BRDA:62,12,0,0
BRDA:62,13,0,4
BRDA:62,14,0,6
BRDA:62,15,0,3
BRDA:62,16,0,7
BRDA:62,17,0,1
BRDA:62,18,0,6
BRDA:62,19,0,4
BRDA:62,20,0,6
BRDA:62,21,0,0
BRDA:62,22,0,12
BRDA:62,23,0,10
BRDA:62,24,0,10
BRDA:62,25,0,0
BRDA:62,26,0,20
BRDA:62,27,0,0
BRDA:62,28,0,0
BRDA:62,29,0,0
BRDA:62,30,0,0
BRDA:62,31,0,10
BRDA:62,32,0,10
BRDA:62,33,0,6
BRDA:62,34,0,0
BRDA:62,35,0,0
BRDA:62,36,0,4
BRDA:62,37,0,0
BRDA:62,38,0,1
BRDA:62,39,0,0
BRDA:62,40,0,0
BRDA:62,41,0,0
BRDA:62,42,0,0
BRDA:62,43,0,10
BRDA:62,44,0,3
BRDA:62,45,0,10
BRDA:62,46,0,4
BRDA:62,47,0,3
BRDA:62,48,0,1
BRDA:62,49,0,0
BRDA:62,50,0,2
BRDA:62,51,0,0
BRDA:23,52,0,1
BRDA:24,53,0,4
BRDA:32,54,0,4
BRDA:62,55,0,4
BRDA:62,56,0,10
BRDA:33,57,0,4
BRDA:62,58,0,4
BRDA:35,59,0,2
BRDA:62,60,0,2
BRDA:44,61,0,1
BRF:62
BRH:42
end_of_record
TN:
SF:src\modules\users\services\CreateUserService.ts
FN:44,Object.<anonymous>
FN:44,Object.<anonymous>.__decorate
FN:44,Object.<anonymous>.__metadata
FN:44,Object.<anonymous>.__param
FN:44,Object.<anonymous>.__awaiter
FN:44,adopt
FN:44,fulfilled
FN:44,rejected
FN:44,step
FN:44,Object.<anonymous>.__generator
FN:44,sent
FN:44,g.<computed>
FN:44,verb
FN:44,step
FN:44,Object.<anonymous>.__importDefault
FN:17,CreateUserService
FN:25,Object.<anonymous>.CreateUserService.execute
FNF:17
FNH:15
FNDA:2,Object.<anonymous>
FNDA:2,Object.<anonymous>.__decorate
FNDA:2,Object.<anonymous>.__metadata
FNDA:4,Object.<anonymous>.__param
FNDA:6,Object.<anonymous>.__awaiter
FNDA:16,adopt
FNDA:16,fulfilled
FNDA:0,rejected
FNDA:21,step
FNDA:6,Object.<anonymous>.__generator
FNDA:16,sent
FNDA:0,g.<computed>
FNDA:18,verb
FNDA:22,step
FNDA:2,Object.<anonymous>.__importDefault
FNDA:6,CreateUserService
FNDA:6,Object.<anonymous>.CreateUserService.execute
DA:1,1
DA:2,1
DA:3,1
DA:4,1
DA:5,1
DA:6,1
DA:7,1
DA:8,1
DA:9,1
DA:10,1
DA:11,1
DA:12,1
DA:13,1
DA:14,1
DA:15,1
DA:16,2
DA:17,2
DA:18,6
DA:19,6
DA:20,6
DA:21,6
DA:22,6
DA:23,6
DA:24,2
DA:25,2
DA:26,6
DA:27,6
DA:28,6
DA:29,1
DA:30,1
DA:31,5
DA:32,5
DA:33,6
DA:34,6
DA:35,6
DA:36,6
DA:37,6
DA:38,6
DA:39,6
DA:40,6
DA:41,6
DA:42,2
DA:43,1
DA:44,1
LF:44
LH:44
BRDA:44,0,0,2
BRDA:44,1,0,2
BRDA:44,2,0,2
BRDA:44,3,0,0
BRDA:44,4,0,0
BRDA:44,5,0,0
BRDA:44,6,0,0
BRDA:44,7,0,2
BRDA:44,8,0,4
BRDA:44,9,0,4
BRDA:44,10,0,6
BRDA:44,11,0,16
BRDA:44,12,0,0
BRDA:44,13,0,6
BRDA:44,14,0,16
BRDA:44,15,0,1
BRDA:44,16,0,21
BRDA:44,17,0,5
BRDA:44,18,0,16
BRDA:44,19,0,6
BRDA:44,20,0,16
BRDA:44,21,0,0
BRDA:44,22,0,18
BRDA:44,23,0,22
BRDA:44,24,0,22
BRDA:44,25,0,0
BRDA:44,26,0,44
BRDA:44,27,0,0
BRDA:44,28,0,0
BRDA:44,29,0,0
BRDA:44,30,0,0
BRDA:44,31,0,22
BRDA:44,32,0,22
BRDA:44,33,0,16
BRDA:44,34,0,0
BRDA:44,35,0,0
BRDA:44,36,0,6
BRDA:44,37,0,0
BRDA:44,38,0,5
BRDA:44,39,0,0
BRDA:44,40,0,0
BRDA:44,41,0,0
BRDA:44,42,0,0
BRDA:44,43,0,22
BRDA:44,44,0,1
BRDA:44,45,0,22
BRDA:44,46,0,6
BRDA:44,47,0,1
BRDA:44,48,0,5
BRDA:44,49,0,0
BRDA:44,50,0,2
BRDA:44,51,0,0
BRDA:16,52,0,2
BRDA:17,53,0,6
BRDA:25,54,0,6
BRDA:44,55,0,6
BRDA:44,56,0,22
BRDA:26,57,0,6
BRDA:44,58,0,6
BRDA:28,59,0,1
BRDA:30,60,0,5
BRDA:44,61,0,5
BRDA:44,62,0,5
BRF:63
BRH:43
end_of_record
TN:
SF:src\modules\users\services\ResetPasswordService.ts
FN:53,Object.<anonymous>
FN:53,Object.<anonymous>.__decorate
FN:53,Object.<anonymous>.__metadata
FN:53,Object.<anonymous>.__param
FN:53,Object.<anonymous>.__awaiter
FN:53,adopt
FN:53,fulfilled
FN:53,rejected
FN:53,step
FN:53,Object.<anonymous>.__generator
FN:53,sent
FN:53,g.<computed>
FN:53,verb
FN:53,step
FN:53,Object.<anonymous>.__importDefault
FN:17,ResetPasswordService
FN:28,Object.<anonymous>.ResetPasswordService.execute
FNF:17
FNH:15
FNDA:1,Object.<anonymous>
FNDA:1,Object.<anonymous>.__decorate
FNDA:1,Object.<anonymous>.__metadata
FNDA:3,Object.<anonymous>.__param
FNDA:4,Object.<anonymous>.__awaiter
FNDA:9,adopt
FNDA:9,fulfilled
FNDA:0,rejected
FNDA:10,step
FNDA:4,Object.<anonymous>.__generator
FNDA:9,sent
FNDA:0,g.<computed>
FNDA:12,verb
FNDA:13,step
FNDA:1,Object.<anonymous>.__importDefault
FNDA:4,ResetPasswordService
FNDA:4,Object.<anonymous>.ResetPasswordService.execute
DA:1,1
DA:2,1
DA:3,1
DA:4,1
DA:5,1
DA:6,1
DA:7,1
DA:8,1
DA:9,1
DA:10,1
DA:11,1
DA:12,1
DA:13,1
DA:14,1
DA:15,1
DA:16,1
DA:17,1
DA:18,4
DA:19,4
DA:20,4
DA:21,4
DA:22,4
DA:23,4
DA:24,4
DA:25,4
DA:26,4
DA:27,1
DA:28,1
DA:29,4
DA:30,4
DA:31,4
DA:32,1
DA:33,1
DA:34,3
DA:35,3
DA:36,4
DA:37,4
DA:38,1
DA:39,1
DA:40,2
DA:41,2
DA:42,2
DA:43,4
DA:44,1
DA:45,1
DA:46,1
DA:47,1
DA:48,4
DA:49,4
DA:50,4
DA:51,1
DA:52,1
DA:53,1
LF:53
LH:53
BRDA:53,0,0,1
BRDA:53,1,0,1
BRDA:53,2,0,1
BRDA:53,3,0,0
BRDA:53,4,0,0
BRDA:53,5,0,0
BRDA:53,6,0,0
BRDA:53,7,0,1
BRDA:53,8,0,3
BRDA:53,9,0,3
BRDA:53,10,0,4
BRDA:53,11,0,9
BRDA:53,12,0,0
BRDA:53,13,0,4
BRDA:53,14,0,9
BRDA:53,15,0,3
BRDA:53,16,0,10
BRDA:53,17,0,1
BRDA:53,18,0,9
BRDA:53,19,0,4
BRDA:53,20,0,9
BRDA:53,21,0,0
BRDA:53,22,0,12
BRDA:53,23,0,13
BRDA:53,24,0,13
BRDA:53,25,0,0
BRDA:53,26,0,26
BRDA:53,27,0,0
BRDA:53,28,0,0
BRDA:53,29,0,0
BRDA:53,30,0,0
BRDA:53,31,0,13
BRDA:53,32,0,13
BRDA:53,33,0,9
BRDA:53,34,0,0
BRDA:53,35,0,0
BRDA:53,36,0,4
BRDA:53,37,0,0
BRDA:53,38,0,1
BRDA:53,39,0,0
BRDA:53,40,0,0
BRDA:53,41,0,0
BRDA:53,42,0,0
BRDA:53,43,0,13
BRDA:53,44,0,3
BRDA:53,45,0,13
BRDA:53,46,0,4
BRDA:53,47,0,3
BRDA:53,48,0,1
BRDA:53,49,0,0
BRDA:53,50,0,1
BRDA:53,51,0,0
BRDA:16,52,0,1
BRDA:17,53,0,4
BRDA:28,54,0,4
BRDA:53,55,0,4
BRDA:53,56,0,13
BRDA:29,57,0,4
BRDA:53,58,0,4
BRDA:31,59,0,1
BRDA:33,60,0,3
BRDA:53,61,0,3
BRDA:37,62,0,1
BRDA:39,63,0,2
BRDA:43,64,0,1
BRDA:53,65,0,1
BRDA:53,66,0,1
BRF:67
BRH:47
end_of_record
TN:
SF:src\modules\users\services\SendForgotPasswordEmailService.ts
FN:60,Object.<anonymous>
FN:60,Object.<anonymous>.__decorate
FN:60,Object.<anonymous>.__metadata
FN:60,Object.<anonymous>.__param
FN:60,Object.<anonymous>.__awaiter
FN:60,adopt
FN:60,fulfilled
FN:60,rejected
FN:60,step
FN:60,Object.<anonymous>.__generator
FN:60,sent
FN:60,g.<computed>
FN:60,verb
FN:60,step
FN:60,Object.<anonymous>.__importDefault
FN:16,SendForgotPasswordEmailService
FN:27,Object.<anonymous>.SendForgotPasswordEmailService.execute
FNF:17
FNH:15
FNDA:1,Object.<anonymous>
FNDA:1,Object.<anonymous>.__decorate
FNDA:1,Object.<anonymous>.__metadata
FNDA:3,Object.<anonymous>.__param
FNDA:3,Object.<anonymous>.__awaiter
FNDA:7,adopt
FNDA:7,fulfilled
FNDA:0,rejected
FNDA:9,step
FNDA:3,Object.<anonymous>.__generator
FNDA:7,sent
FNDA:0,g.<computed>
FNDA:9,verb
FNDA:10,step
FNDA:2,Object.<anonymous>.__importDefault
FNDA:3,SendForgotPasswordEmailService
FNDA:3,Object.<anonymous>.SendForgotPasswordEmailService.execute
DA:1,1
DA:2,1
DA:3,1
DA:4,1
DA:5,1
DA:6,1
DA:7,1
DA:8,1
DA:9,1
DA:10,1
DA:11,1
DA:12,1
DA:13,1
DA:14,1
DA:15,1
DA:16,1
DA:17,3
DA:18,3
DA:19,3
DA:20,3
DA:21,3
DA:22,3
DA:23,3
DA:24,3
DA:25,3
DA:26,1
DA:27,1
DA:28,3
DA:29,3
DA:30,3
DA:31,1
DA:32,1
DA:33,2
DA:34,2
DA:35,3
DA:36,3
DA:37,3
DA:38,3
DA:39,3
DA:40,3
DA:41,3
DA:42,3
DA:43,3
DA:44,3
DA:45,3
DA:46,3
DA:47,3
DA:48,3
DA:49,3
DA:50,3
DA:51,3
DA:52,3
DA:53,3
DA:54,3
DA:55,3
DA:56,3
DA:57,3
DA:58,1
DA:59,1
DA:60,1
LF:60
LH:60
BRDA:60,0,0,1
BRDA:60,1,0,1
BRDA:60,2,0,1
BRDA:60,3,0,0
BRDA:60,4,0,0
BRDA:60,5,0,0
BRDA:60,6,0,0
BRDA:60,7,0,1
BRDA:60,8,0,3
BRDA:60,9,0,3
BRDA:60,10,0,3
BRDA:60,11,0,7
BRDA:60,12,0,0
BRDA:60,13,0,3
BRDA:60,14,0,7
BRDA:60,15,0,1
BRDA:60,16,0,9
BRDA:60,17,0,2
BRDA:60,18,0,7
BRDA:60,19,0,3
BRDA:60,20,0,7
BRDA:60,21,0,0
BRDA:60,22,0,9
BRDA:60,23,0,10
BRDA:60,24,0,10
BRDA:60,25,0,0
BRDA:60,26,0,20
BRDA:60,27,0,0
BRDA:60,28,0,0
BRDA:60,29,0,0
BRDA:60,30,0,0
BRDA:60,31,0,10
BRDA:60,32,0,10
BRDA:60,33,0,7
BRDA:60,34,0,0
BRDA:60,35,0,0
BRDA:60,36,0,3
BRDA:60,37,0,0
BRDA:60,38,0,2
BRDA:60,39,0,0
BRDA:60,40,0,0
BRDA:60,41,0,0
BRDA:60,42,0,0
BRDA:60,43,0,10
BRDA:60,44,0,1
BRDA:60,45,0,10
BRDA:60,46,0,3
BRDA:60,47,0,1
BRDA:60,48,0,2
BRDA:60,49,0,0
BRDA:60,50,0,2
BRDA:60,51,0,1
BRDA:60,52,0,1
BRDA:15,53,0,1
BRDA:16,54,0,3
BRDA:27,55,0,3
BRDA:60,56,0,3
BRDA:60,57,0,10
BRDA:28,58,0,3
BRDA:60,59,0,3
BRDA:30,60,0,1
BRDA:32,61,0,2
BRDA:60,62,0,2
BRDA:60,63,0,2
BRF:64
BRH:45
end_of_record
TN:
SF:src\modules\users\services\ShowProfileService.ts
FN:31,Object.<anonymous>
FN:31,Object.<anonymous>.__decorate
FN:31,Object.<anonymous>.__metadata
FN:31,Object.<anonymous>.__param
FN:31,Object.<anonymous>.__awaiter
FN:31,adopt
FN:31,fulfilled
FN:31,rejected
FN:31,step
FN:31,Object.<anonymous>.__generator
FN:31,sent
FN:31,g.<computed>
FN:31,verb
FN:31,step
FN:31,Object.<anonymous>.__importDefault
FN:13,ShowProfileService
FN:18,Object.<anonymous>.ShowProfileService.execute
FNF:17
FNH:15
FNDA:1,Object.<anonymous>
FNDA:1,Object.<anonymous>.__decorate
FNDA:1,Object.<anonymous>.__metadata
FNDA:1,Object.<anonymous>.__param
FNDA:2,Object.<anonymous>.__awaiter
FNDA:2,adopt
FNDA:2,fulfilled
FNDA:0,rejected
FNDA:3,step
FNDA:2,Object.<anonymous>.__generator
FNDA:2,sent
FNDA:0,g.<computed>
FNDA:6,verb
FNDA:4,step
FNDA:1,Object.<anonymous>.__importDefault
FNDA:2,ShowProfileService
FNDA:2,Object.<anonymous>.ShowProfileService.execute
DA:1,1
DA:2,1
DA:3,1
DA:4,1
DA:5,1
DA:6,1
DA:7,1
DA:8,1
DA:9,1
DA:10,1
DA:11,1
DA:12,1
DA:13,1
DA:14,2
DA:15,2
DA:16,2
DA:17,1
DA:18,1
DA:19,2
DA:20,2
DA:21,2
DA:22,1
DA:23,1
DA:24,1
DA:25,1
DA:26,1
DA:27,1
DA:28,2
DA:29,1
DA:30,1
DA:31,1
LF:31
LH:31
BRDA:31,0,0,1
BRDA:31,1,0,1
BRDA:31,2,0,1
BRDA:31,3,0,0
BRDA:31,4,0,0
BRDA:31,5,0,0
BRDA:31,6,0,0
BRDA:31,7,0,1
BRDA:31,8,0,1
BRDA:31,9,0,1
BRDA:31,10,0,2
BRDA:31,11,0,2
BRDA:31,12,0,0
BRDA:31,13,0,2
BRDA:31,14,0,2
BRDA:31,15,0,1
BRDA:31,16,0,3
BRDA:31,17,0,1
BRDA:31,18,0,2
BRDA:31,19,0,2
BRDA:31,20,0,2
BRDA:31,21,0,0
BRDA:31,22,0,6
BRDA:31,23,0,4
BRDA:31,24,0,4
BRDA:31,25,0,0
BRDA:31,26,0,8
BRDA:31,27,0,0
BRDA:31,28,0,0
BRDA:31,29,0,0
BRDA:31,30,0,0
BRDA:31,31,0,4
BRDA:31,32,0,4
BRDA:31,33,0,2
BRDA:31,34,0,0
BRDA:31,35,0,0
BRDA:31,36,0,2
BRDA:31,37,0,0
BRDA:31,38,0,1
BRDA:31,39,0,0
BRDA:31,40,0,0
BRDA:31,41,0,0
BRDA:31,42,0,0
BRDA:31,43,0,4
BRDA:31,44,0,1
BRDA:31,45,0,4
BRDA:31,46,0,2
BRDA:31,47,0,1
BRDA:31,48,0,0
BRDA:31,49,0,1
BRDA:31,50,0,0
BRDA:12,51,0,1
BRDA:13,52,0,2
BRDA:18,53,0,2
BRDA:31,54,0,2
BRDA:31,55,0,4
BRDA:19,56,0,2
BRDA:31,57,0,2
BRDA:21,58,0,1
BRF:59
BRH:39
end_of_record
TN:
SF:src\modules\users\services\UpdateProfileService.ts
FN:73,Object.<anonymous>
FN:73,Object.<anonymous>.__decorate
FN:73,Object.<anonymous>.__metadata
FN:73,Object.<anonymous>.__param
FN:73,Object.<anonymous>.__awaiter
FN:73,adopt
FN:73,fulfilled
FN:73,rejected
FN:73,step
FN:73,Object.<anonymous>.__generator
FN:73,sent
FN:73,g.<computed>
FN:73,verb
FN:73,step
FN:73,Object.<anonymous>.__importDefault
FN:18,UpdateProfileService
FN:26,Object.<anonymous>.UpdateProfileService.execute
FNF:17
FNH:15
FNDA:1,Object.<anonymous>
FNDA:1,Object.<anonymous>.__decorate
FNDA:1,Object.<anonymous>.__metadata
FNDA:2,Object.<anonymous>.__param
FNDA:6,Object.<anonymous>.__awaiter
FNDA:16,adopt
FNDA:16,fulfilled
FNDA:0,rejected
FNDA:18,step
FNDA:6,Object.<anonymous>.__generator
FNDA:16,sent
FNDA:0,g.<computed>
FNDA:18,verb
FNDA:22,step
FNDA:1,Object.<anonymous>.__importDefault
FNDA:6,UpdateProfileService
FNDA:6,Object.<anonymous>.UpdateProfileService.execute
DA:1,1
DA:2,1
DA:3,1
DA:4,1
DA:5,1
DA:6,1
DA:7,1
DA:8,1
DA:9,1
DA:10,1
DA:11,1
DA:12,1
DA:13,1
DA:14,1
DA:15,1
DA:16,1
DA:17,1
DA:18,1
DA:19,6
DA:20,6
DA:21,6
DA:22,6
DA:23,6
DA:24,6
DA:25,1
DA:26,1
DA:27,6
DA:28,6
DA:29,6
DA:30,6
DA:31,6
DA:32,6
DA:33,6
DA:34,6
DA:35,6
DA:36,1
DA:37,1
DA:38,5
DA:39,5
DA:40,6
DA:41,6
DA:42,1
DA:43,1
DA:44,4
DA:45,6
DA:46,1
DA:47,1
DA:48,1
DA:49,1
DA:50,3
DA:51,6
DA:52,2
DA:53,2
DA:54,2
DA:55,2
DA:56,6
DA:57,6
DA:58,1
DA:59,1
DA:60,1
DA:61,1
DA:62,6
DA:63,6
DA:64,6
DA:65,6
DA:66,6
DA:67,6
DA:68,6
DA:69,6
DA:70,6
DA:71,1
DA:72,1
DA:73,1
LF:73
LH:73
BRDA:73,0,0,1
BRDA:73,1,0,1
BRDA:73,2,0,1
BRDA:73,3,0,0
BRDA:73,4,0,0
BRDA:73,5,0,0
BRDA:73,6,0,0
BRDA:73,7,0,1
BRDA:73,8,0,2
BRDA:73,9,0,2
BRDA:73,10,0,6
BRDA:73,11,0,16
BRDA:73,12,0,0
BRDA:73,13,0,6
BRDA:73,14,0,16
BRDA:73,15,0,4
BRDA:73,16,0,18
BRDA:73,17,0,2
BRDA:73,18,0,16
BRDA:73,19,0,6
BRDA:73,20,0,16
BRDA:73,21,0,0
BRDA:73,22,0,18
BRDA:73,23,0,22
BRDA:73,24,0,22
BRDA:73,25,0,0
BRDA:73,26,0,45
BRDA:73,27,0,0
BRDA:73,28,0,0
BRDA:73,29,0,0
BRDA:73,30,0,0
BRDA:73,31,0,22
BRDA:73,32,0,22
BRDA:73,33,0,16
BRDA:73,34,0,0
BRDA:73,35,0,0
BRDA:73,36,0,7
BRDA:73,37,0,0
BRDA:73,38,0,3
BRDA:73,39,0,6
BRDA:73,40,0,1
BRDA:73,41,0,0
BRDA:73,42,0,1
BRDA:73,43,0,0
BRDA:73,44,0,0
BRDA:73,45,0,0
BRDA:73,46,0,23
BRDA:73,47,0,4
BRDA:73,48,0,23
BRDA:73,49,0,6
BRDA:73,50,0,4
BRDA:73,51,0,2
BRDA:73,52,0,0
BRDA:73,53,0,1
BRDA:73,54,0,0
BRDA:17,55,0,1
BRDA:18,56,0,6
BRDA:26,57,0,6
BRDA:73,58,0,6
BRDA:73,59,0,23
BRDA:33,60,0,6
BRDA:73,61,0,6
BRDA:35,62,0,1
BRDA:37,63,0,5
BRDA:73,64,0,5
BRDA:41,65,0,4
BRDA:41,66,0,1
BRDA:43,67,0,4
BRDA:45,68,0,3
BRDA:45,69,0,1
BRDA:49,70,0,3
BRDA:51,71,0,2
BRDA:51,72,0,1
BRDA:51,73,0,2
BRDA:73,74,0,2
BRDA:57,75,0,1
BRDA:73,76,0,1
BRDA:73,77,0,2
BRDA:73,78,0,2
BRF:79
BRH:59
end_of_record
TN:
SF:src\modules\users\services\UpdateUserAvatarService.ts
FN:44,Object.<anonymous>
FN:44,Object.<anonymous>.__decorate
FN:44,Object.<anonymous>.__metadata
FN:44,Object.<anonymous>.__param
FN:44,Object.<anonymous>.__awaiter
FN:44,adopt
FN:44,fulfilled
FN:44,rejected
FN:44,step
FN:44,Object.<anonymous>.__generator
FN:44,sent
FN:44,g.<computed>
FN:44,verb
FN:44,step
FN:44,Object.<anonymous>.__importDefault
FN:15,UpdateUserAvatarService
FN:23,Object.<anonymous>.UpdateUserAvatarService.execute
FNF:17
FNH:15
FNDA:1,Object.<anonymous>
FNDA:1,Object.<anonymous>.__decorate
FNDA:1,Object.<anonymous>.__metadata
FNDA:2,Object.<anonymous>.__param
FNDA:4,Object.<anonymous>.__awaiter
FNDA:11,adopt
FNDA:11,fulfilled
FNDA:0,rejected
FNDA:14,step
FNDA:4,Object.<anonymous>.__generator
FNDA:11,sent
FNDA:0,g.<computed>
FNDA:12,verb
FNDA:15,step
FNDA:1,Object.<anonymous>.__importDefault
FNDA:3,UpdateUserAvatarService
FNDA:4,Object.<anonymous>.UpdateUserAvatarService.execute
DA:1,1
DA:2,1
DA:3,1
DA:4,1
DA:5,1
DA:6,1
DA:7,1
DA:8,1
DA:9,1
DA:10,1
DA:11,1
DA:12,1
DA:13,1
DA:14,1
DA:15,1
DA:16,3
DA:17,3
DA:18,3
DA:19,3
DA:20,3
DA:21,3
DA:22,1
DA:23,1
DA:24,4
DA:25,4
DA:26,4
DA:27,1
DA:28,1
DA:29,3
DA:30,3
DA:31,1
DA:32,4
DA:33,4
DA:34,4
DA:35,4
DA:36,4
DA:37,4
DA:38,4
DA:39,4
DA:40,4
DA:41,4
DA:42,1
DA:43,1
DA:44,1
LF:44
LH:44
BRDA:44,0,0,1
BRDA:44,1,0,1
BRDA:44,2,0,1
BRDA:44,3,0,0
BRDA:44,4,0,0
BRDA:44,5,0,0
BRDA:44,6,0,0
BRDA:44,7,0,1
BRDA:44,8,0,2
BRDA:44,9,0,2
BRDA:44,10,0,4
BRDA:44,11,0,11
BRDA:44,12,0,0
BRDA:44,13,0,4
BRDA:44,14,0,11
BRDA:44,15,0,1
BRDA:44,16,0,14
BRDA:44,17,0,3
BRDA:44,18,0,11
BRDA:44,19,0,4
BRDA:44,20,0,11
BRDA:44,21,0,0
BRDA:44,22,0,12
BRDA:44,23,0,15
BRDA:44,24,0,15
BRDA:44,25,0,0
BRDA:44,26,0,32
BRDA:44,27,0,0
BRDA:44,28,0,0
BRDA:44,29,0,0
BRDA:44,30,0,0
BRDA:44,31,0,15
BRDA:44,32,0,15
BRDA:44,33,0,11
BRDA:44,34,0,0
BRDA:44,35,0,0
BRDA:44,36,0,6
BRDA:44,37,0,0
BRDA:44,38,0,5
BRDA:44,39,0,4
BRDA:44,40,0,2
BRDA:44,41,0,0
BRDA:44,42,0,2
BRDA:44,43,0,0
BRDA:44,44,0,0
BRDA:44,45,0,0
BRDA:44,46,0,17
BRDA:44,47,0,1
BRDA:44,48,0,17
BRDA:44,49,0,4
BRDA:44,50,0,1
BRDA:44,51,0,3
BRDA:44,52,0,0
BRDA:44,53,0,1
BRDA:44,54,0,0
BRDA:14,55,0,1
BRDA:15,56,0,3
BRDA:23,57,0,4
BRDA:44,58,0,4
BRDA:44,59,0,17
BRDA:24,60,0,4
BRDA:44,61,0,4
BRDA:26,62,0,1
BRDA:28,63,0,3
BRDA:30,64,0,2
BRDA:30,65,0,1
BRDA:44,66,0,1
BRDA:34,67,0,3
BRDA:44,68,0,3
BRDA:44,69,0,3
BRF:70
BRH:50
end_of_record
